<?xml version="1.0" encoding="UTF-8"?>
<testng-results ignored="0" total="3" passed="3" failed="0" skipped="0">
  <reporter-output>
  </reporter-output>
  <suite started-at="2018-07-26T20:23:19Z" name="Default suite" finished-at="2018-07-26T20:23:58Z" duration-ms="39254">
    <groups>
    </groups>
    <test started-at="2018-07-26T20:23:19Z" name="Default test" finished-at="2018-07-26T20:23:58Z" duration-ms="39254">
      <class name="liveproject.ecommerce">
        <test-method is-config="true" signature="openbrowser()[pri:0, instance:liveproject.ecommerce@2053d869]" started-at="2018-07-26T20:23:19Z" name="openbrowser" finished-at="2018-07-26T20:23:25Z" duration-ms="5950" status="PASS">
          <reporter-output>
          </reporter-output>
        </test-method> <!-- openbrowser -->
        <test-method signature="Test_002()[pri:100, instance:liveproject.ecommerce@2053d869]" started-at="2018-07-26T20:23:25Z" name="Test_002" finished-at="2018-07-26T20:23:42Z" duration-ms="16584" status="PASS">
          <reporter-output>
          </reporter-output>
        </test-method> <!-- Test_002 -->
        <test-method signature="Test_003()[pri:200, instance:liveproject.ecommerce@2053d869]" started-at="2018-07-26T20:23:42Z" name="Test_003" finished-at="2018-07-26T20:23:51Z" duration-ms="9157" status="PASS">
          <reporter-output>
          </reporter-output>
        </test-method> <!-- Test_003 -->
        <test-method signature="Test_001()[pri:300, instance:liveproject.ecommerce@2053d869]" started-at="2018-07-26T20:23:51Z" name="Test_001" finished-at="2018-07-26T20:23:58Z" duration-ms="6676" status="PASS">
          <reporter-output>
          </reporter-output>
        </test-method> <!-- Test_001 -->
        <test-method is-config="true" signature="Closebrowser()[pri:0, instance:liveproject.ecommerce@2053d869]" started-at="2018-07-26T20:23:58Z" name="Closebrowser" finished-at="2018-07-26T20:23:58Z" duration-ms="855" status="PASS">
          <reporter-output>
          </reporter-output>
        </test-method> <!-- Closebrowser -->
      </class> <!-- liveproject.ecommerce -->
    </test> <!-- Default test -->
  </suite> <!-- Default suite -->
</testng-results>
