<?xml version="1.0" encoding="UTF-8"?>
<testng-results ignored="0" total="1" passed="1" failed="0" skipped="0">
  <reporter-output>
  </reporter-output>
  <suite started-at="2018-07-22T00:18:06Z" name="Default suite" finished-at="2018-07-22T00:18:16Z" duration-ms="9633">
    <groups>
    </groups>
    <test started-at="2018-07-22T00:18:06Z" name="Default test" finished-at="2018-07-22T00:18:16Z" duration-ms="9633">
      <class name="liveproject.ecommerce">
        <test-method is-config="true" signature="openbrowser()[pri:0, instance:liveproject.ecommerce@ea6147e]" started-at="2018-07-22T00:18:06Z" name="openbrowser" finished-at="2018-07-22T00:18:12Z" duration-ms="6190" status="PASS">
          <reporter-output>
          </reporter-output>
        </test-method> <!-- openbrowser -->
        <test-method signature="Test_001()[pri:0, instance:liveproject.ecommerce@ea6147e]" started-at="2018-07-22T00:18:12Z" name="Test_001" finished-at="2018-07-22T00:18:16Z" duration-ms="3411" status="PASS">
          <reporter-output>
          </reporter-output>
        </test-method> <!-- Test_001 -->
      </class> <!-- liveproject.ecommerce -->
    </test> <!-- Default test -->
  </suite> <!-- Default suite -->
</testng-results>
